<?xml version="1.0" encoding="UTF-8"?>
<!-- Generated by org.testng.reporters.JUnitReportReporter -->
<testsuite hostname="ChanduAcerLaptop" failures="0" tests="1" name="com.ecom.testcases.TC_LoginTest_001" time="2.789" errors="0" timestamp="2020-09-11T19:45:47 EDT" skipped="0">
  <testcase classname="com.ecom.testcases.TC_LoginTest_001" name="loginPositiveTest" time="2.789"/>
  <system-out/>
</testsuite> <!-- com.ecom.testcases.TC_LoginTest_001 -->
