<?xml version="1.0" encoding="UTF-8"?>
<!-- Generated by org.testng.reporters.JUnitReportReporter -->
<testsuite hostname="ChanduAcerLaptop" failures="0" tests="1" name="com.ecom.testcases.TC_LoginTest_002" time="1.632" errors="0" timestamp="2020-09-11T11:33:09 EDT" skipped="0">
  <testcase classname="com.ecom.testcases.TC_LoginTest_002" name="loginNegativeTest" time="1.632"/>
  <system-out/>
</testsuite> <!-- com.ecom.testcases.TC_LoginTest_002 -->
