<?xml version="1.0" encoding="UTF-8"?>
<!-- Generated by org.testng.reporters.JUnitReportReporter -->
<testsuite hostname="ChanduAcerLaptop" failures="0" tests="1" name="com.ecom.testcases.TC_LoginTest_002" time="2.937" errors="0" timestamp="2020-09-11T20:52:57 EDT" skipped="0">
  <testcase classname="com.ecom.testcases.TC_LoginTest_002" name="loginNegativeTest" time="2.937"/>
  <system-out/>
</testsuite> <!-- com.ecom.testcases.TC_LoginTest_002 -->
