<?xml version="1.0" encoding="UTF-8"?>
<!-- Generated by org.testng.reporters.JUnitReportReporter -->
<testsuite hostname="ChanduAcerLaptop" failures="0" tests="2" name="com.ecom.testcases.TC_HomePageLinkValidation_004" time="52.305" errors="0" timestamp="2020-09-11T11:09:55 EDT" skipped="0">
  <testcase classname="com.ecom.testcases.TC_HomePageLinkValidation_004" name="login" time="2.929"/>
  <system-out/>
  <testcase classname="com.ecom.testcases.TC_HomePageLinkValidation_004" name="linkValidate" time="49.376"/>
  <system-out/>
</testsuite> <!-- com.ecom.testcases.TC_HomePageLinkValidation_004 -->
